<?xml version="1.0" encoding="UTF-8"?>
<!-- Generated by org.testng.reporters.JUnitReportReporter -->
<testsuite skipped="0" hostname="iTSTest4" name="qaclickacademy.ApiTest" tests="1" failures="0" timestamp="15 Apr 2019 10:56:46 GMT" time="0.002" errors="0">
  <testcase name="login" time="0.002" classname="qaclickacademy.ApiTest"/>
</testsuite> <!-- qaclickacademy.ApiTest -->
