<?xml version="1.0" encoding="UTF-8"?>
<!-- Generated by org.testng.reporters.JUnitReportReporter -->
<testsuite skipped="0" hostname="iTSTest4" name="qaclickacademy.test" tests="1" failures="0" timestamp="15 Apr 2019 10:15:07 GMT" time="0.008" errors="0">
  <testcase name="test1" time="0.008" classname="qaclickacademy.test"/>
</testsuite> <!-- qaclickacademy.test -->
