<?xml version="1.0" encoding="UTF-8"?>
<!-- Generated by org.testng.reporters.JUnitReportReporter -->
<testsuite skipped="0" hostname="iTSTest4" name="qaclickacademy.ProgramTest" tests="1" failures="0" timestamp="15 Apr 2019 10:56:46 GMT" time="0.013" errors="0">
  <testcase name="test1" time="0.013" classname="qaclickacademy.ProgramTest"/>
</testsuite> <!-- qaclickacademy.ProgramTest -->
