<?xml version="1.0" encoding="UTF-8"?>
<!-- Generated by org.testng.reporters.JUnitReportReporter -->
<testsuite skipped="0" hostname="iTSTest4" name="qaclickacademy.ProgramTest" tests="1" failures="0" timestamp="2019-05-02T15:44:54 IST" time="0.000" errors="0">
  <testcase name="test1" time="0.000" classname="qaclickacademy.ProgramTest"/>
</testsuite> <!-- qaclickacademy.ProgramTest -->
